<?xml version="1.0" encoding="UTF-8"?>
<!-- Generated by org.testng.reporters.JUnitXMLReporter -->
<testsuite ignored="0" hostname="CVDE16C-7HHKUNC" failures="0" tests="5" name="Book-Flight-3" time="47.992" errors="0" timestamp="2021-08-26T11:43:18 IST">
  <testcase classname="com.testing.Tests.BookFlightTest" name="registrationPage" time="5.103"/>
  <testcase classname="com.testing.Tests.BookFlightTest" name="registrationConfirmationPage" time="0.204"/>
  <testcase classname="com.testing.Tests.BookFlightTest" name="flightDetailsPage" time="4.604"/>
  <testcase classname="com.testing.Tests.BookFlightTest" name="findFlightPage" time="1.575"/>
  <testcase classname="com.testing.Tests.BookFlightTest" name="flightConfirmationPage" time="0.379"/>
</testsuite> <!-- Book-Flight-3 -->
