<?xml version="1.0" encoding="UTF-8"?>
<!-- Generated by org.testng.reporters.JUnitXMLReporter -->
<testsuite ignored="0" hostname="CVDE16C-7HHKUNC" failures="0" tests="5" name="Book-Flight-4" time="32.058" errors="0" timestamp="2021-08-26T11:43:02 IST">
  <testcase classname="com.testing.Tests.BookFlightTest" name="registrationPage" time="4.396"/>
  <testcase classname="com.testing.Tests.BookFlightTest" name="registrationConfirmationPage" time="0.206"/>
  <testcase classname="com.testing.Tests.BookFlightTest" name="flightDetailsPage" time="4.575"/>
  <testcase classname="com.testing.Tests.BookFlightTest" name="findFlightPage" time="1.425"/>
  <testcase classname="com.testing.Tests.BookFlightTest" name="flightConfirmationPage" time="0.473"/>
</testsuite> <!-- Book-Flight-4 -->
