<?xml version="1.0" encoding="UTF-8"?>
<!-- Generated by org.testng.reporters.JUnitXMLReporter -->
<testsuite ignored="0" hostname="CVDE16C-7HHKUNC" failures="0" tests="5" name="Book-Flight-2" time="12.115" errors="0" timestamp="2021-08-24T10:37:48 IST">
  <testcase classname="com.testing.Tests.BookFlightTest" name="registrationPage" time="2.084"/>
  <testcase classname="com.testing.Tests.BookFlightTest" name="registrationConfirmationPage" time="0.203"/>
  <testcase classname="com.testing.Tests.BookFlightTest" name="flightDetailsPage" time="4.543"/>
  <testcase classname="com.testing.Tests.BookFlightTest" name="findFlightPage" time="1.38"/>
  <testcase classname="com.testing.Tests.BookFlightTest" name="flightConfirmationPage" time="0.392"/>
</testsuite> <!-- Book-Flight-2 -->
