<?xml version="1.0" encoding="UTF-8"?>
<!-- Generated by org.testng.reporters.JUnitXMLReporter -->
<testsuite ignored="0" hostname="CVDE16C-7HHKUNC" failures="0" tests="5" name="Test" time="7.773" errors="0" timestamp="2021-08-21T09:34:26 IST">
  <testcase classname="com.testing.Tests.BookFlightTest" name="registrationPage" time="2.724"/>
  <testcase classname="com.testing.Tests.BookFlightTest" name="registrationConfirmationPage" time="0.14"/>
  <testcase classname="com.testing.Tests.BookFlightTest" name="flightDetailsPage" time="2.253"/>
  <testcase classname="com.testing.Tests.BookFlightTest" name="findFlightPage" time="0.885"/>
  <testcase classname="com.testing.Tests.BookFlightTest" name="flightConfirmationPage" time="0.161"/>
</testsuite> <!-- Test -->
